This is pdfTeX, Version 3.141592653-2.6-1.40.27 (MiKTeX 25.4) (preloaded format=pdflatex 2026.4.26)  29 APR 2026 10:14
entering extended mode
 restricted \write18 enabled.
 %&-line parsing enabled.
**./book.tex
(book.tex
LaTeX2e <2025-06-01> patch level 1
L3 programming layer <2025-09-02>
(svmono.cls
Document Class: svmono 2024/03/15 v5.12 
Springer Verlag global LaTeX document class for monographs
Class Springer-SVMono Info: extra/valid Springer sub-package 
(Springer-SVMono)           not found in option list - using "global" style.
(C:\Program Files\MiKTeX\tex/latex/base\article.cls
Document Class: article 2025/01/22 v1.4n Standard LaTeX document class
(C:\Program Files\MiKTeX\tex/latex/base\size10.clo
File: size10.clo 2025/01/22 v1.4n Standard LaTeX file (size option)
)
\c@part=\count275
\c@section=\count276
\c@subsection=\count277
\c@subsubsection=\count278
\c@paragraph=\count279
\c@subparagraph=\count280
\c@figure=\count281
\c@table=\count282
\abovecaptionskip=\skip49
\belowcaptionskip=\skip50
\bibindent=\dimen148
)
\svparindent=\dimen149
\betweenumberspace=\dimen150
\headlineindent=\dimen151
\c@chapter=\count283
\mottowidth=\dimen152
\svitemindent=\dimen153
\verbatimindent=\dimen154
LaTeX Font Info:    Redeclaring math symbol \Gamma on input line 843.
LaTeX Font Info:    Redeclaring math symbol \Delta on input line 844.
LaTeX Font Info:    Redeclaring math symbol \Theta on input line 845.
LaTeX Font Info:    Redeclaring math symbol \Lambda on input line 846.
LaTeX Font Info:    Redeclaring math symbol \Xi on input line 847.
LaTeX Font Info:    Redeclaring math symbol \Pi on input line 848.
LaTeX Font Info:    Redeclaring math symbol \Sigma on input line 849.
LaTeX Font Info:    Redeclaring math symbol \Upsilon on input line 850.
LaTeX Font Info:    Redeclaring math symbol \Phi on input line 851.
LaTeX Font Info:    Redeclaring math symbol \Psi on input line 852.
LaTeX Font Info:    Redeclaring math symbol \Omega on input line 853.
\tocchpnum=\dimen155
\tocsecnum=\dimen156
\tocsectotal=\dimen157
\tocsubsecnum=\dimen158
\tocsubsectotal=\dimen159
\tocsubsubsecnum=\dimen160
\tocsubsubsectotal=\dimen161
\tocparanum=\dimen162
\tocparatotal=\dimen163
\tocsubparanum=\dimen164
\foot@parindent=\dimen165
\c@theorem=\count284
\c@case=\count285
\c@conjecture=\count286
\c@corollary=\count287
\c@definition=\count288
\c@example=\count289
\c@exercise=\count290
\c@lemma=\count291
\c@note=\count292
\c@problem=\count293
\c@property=\count294
\c@proposition=\count295
\c@question=\count296
\c@solution=\count297
\c@remark=\count298
\c@prob=\count299
\instindent=\dimen166
\figgap=\dimen167
\bildb@x=\box53
\figcapgap=\dimen168
\tabcapgap=\dimen169
\c@merk=\count300
LaTeX Info: Redefining \abstract on input line 1957.

(C:\Program Files\MiKTeX\tex/latex/xcolor\xcolor.sty
Package: xcolor 2024/09/29 v3.02 LaTeX color extensions (UK)

(C:\Program Files\MiKTeX\tex/latex/graphics-cfg\color.cfg
File: color.cfg 2016/01/02 v1.6 sample color configuration
)
Package xcolor Info: Driver file: pdftex.def on input line 274.

(C:\Program Files\MiKTeX\tex/latex/graphics-def\pdftex.def
File: pdftex.def 2024/04/13 v1.2c Graphics/color driver for pdftex
)
(C:\Program Files\MiKTeX\tex/latex/graphics\mathcolor.ltx)
Package xcolor Info: Model `cmy' substituted by `cmy0' on input line 1349.
Package xcolor Info: Model `hsb' substituted by `rgb' on input line 1353.
Package xcolor Info: Model `RGB' extended on input line 1365.
Package xcolor Info: Model `HTML' substituted by `rgb' on input line 1367.
Package xcolor Info: Model `Hsb' substituted by `hsb' on input line 1368.
Package xcolor Info: Model `tHsb' substituted by `hsb' on input line 1369.
Package xcolor Info: Model `HSB' substituted by `hsb' on input line 1370.
Package xcolor Info: Model `Gray' substituted by `gray' on input line 1371.
Package xcolor Info: Model `wave' substituted by `hsb' on input line 1372.
)
(C:\Program Files\MiKTeX\tex/latex/xcolor\x11nam.def
File: x11nam.def 2024/09/29 v3.02 Predefined colors according to Unix/X11 (UK)
)
(C:\Program Files\MiKTeX\tex/latex/amscls\amsthm.sty
Package: amsthm 2020/05/29 v2.20.6
\thm@style=\toks17
\thm@bodyfont=\toks18
\thm@headfont=\toks19
\thm@notefont=\toks20
\thm@headpunct=\toks21
\thm@preskip=\skip51
\thm@postskip=\skip52
\thm@headsep=\skip53
\dth@everypar=\toks22
LaTeX Info: Redefining \qed on input line 273.
)
\minitoc=\write3
\c@minitocdepth=\count301
\c@@inst=\count302
\c@@auth=\count303
\c@auco=\count304
\instindent=\dimen170
\authrun=\box54
\authorrunning=\toks23
\tocauthor=\toks24
\titrun=\box55
\titlerunning=\toks25
\toctitle=\toks26
\c@contribution=\count305
)
(C:\Program Files\MiKTeX\tex/latex/framed\framed.sty
Package: framed 2011/10/22 v 0.96: framed or shaded text with page breaks
\OuterFrameSep=\skip54
\fb@frw=\dimen171
\fb@frh=\dimen172
\FrameRule=\dimen173
\FrameSep=\dimen174
)
(C:\Program Files\MiKTeX\tex/latex/type1cm\type1cm.sty
Package: type1cm 2002/09/05 v0.04 BlueSky/Y&Y Type1 CM font definitions (DPC, p
atched RF)
)
(C:\Program Files\MiKTeX\tex/latex/base\makeidx.sty
Package: makeidx 2021/10/04 v1.0m Standard LaTeX package
)
(C:\Program Files\MiKTeX\tex/latex/graphics\graphicx.sty
Package: graphicx 2024/12/31 v1.2e Enhanced LaTeX Graphics (DPC,SPQR)

(C:\Program Files\MiKTeX\tex/latex/graphics\keyval.sty
Package: keyval 2022/05/29 v1.15 key=value parser (DPC)
\KV@toks@=\toks27
)
(C:\Program Files\MiKTeX\tex/latex/graphics\graphics.sty
Package: graphics 2024/08/06 v1.4g Standard LaTeX Graphics (DPC,SPQR)

(C:\Program Files\MiKTeX\tex/latex/graphics\trig.sty
Package: trig 2023/12/02 v1.11 sin cos tan (DPC)
)
(C:\Program Files\MiKTeX\tex/latex/graphics-cfg\graphics.cfg
File: graphics.cfg 2016/06/04 v1.11 sample graphics configuration
)
Package graphics Info: Driver file: pdftex.def on input line 106.
)
\Gin@req@height=\dimen175
\Gin@req@width=\dimen176
)
(C:\Program Files\MiKTeX\tex/latex/tools\multicol.sty
Package: multicol 2025/05/25 v2.0a multicolumn formatting (FMi)
\c@tracingmulticols=\count306
\mult@box=\box56
\multicol@leftmargin=\dimen177
\c@unbalance=\count307
\c@collectmore=\count308
\doublecol@number=\count309
\multicoltolerance=\count310
\multicolpretolerance=\count311
\full@width=\dimen178
\page@free=\dimen179
\premulticols=\dimen180
\postmulticols=\dimen181
\multicolsep=\skip55
\multicolbaselineskip=\skip56
\partial@page=\box57
\last@line=\box58
\mc@boxedresult=\box59
\maxbalancingoverflow=\dimen182
\mult@rightbox=\box60
\mult@grightbox=\box61
\mult@firstbox=\box62
\mult@gfirstbox=\box63
\@tempa=\box64
\@tempa=\box65
\@tempa=\box66
\@tempa=\box67
\@tempa=\box68
\@tempa=\box69
\@tempa=\box70
\@tempa=\box71
\@tempa=\box72
\@tempa=\box73
\@tempa=\box74
\@tempa=\box75
\@tempa=\box76
\@tempa=\box77
\@tempa=\box78
\@tempa=\box79
\@tempa=\box80
\@tempa=\box81
\@tempa=\box82
\@tempa=\box83
\@tempa=\box84
\@tempa=\box85
\@tempa=\box86
\@tempa=\box87
\@tempa=\box88
\@tempa=\box89
\@tempa=\box90
\@tempa=\box91
\@tempa=\box92
\@tempa=\box93
\@tempa=\box94
\@tempa=\box95
\@tempa=\box96
\@tempa=\box97
\@tempa=\box98
\@tempa=\box99
\c@minrows=\count312
\c@columnbadness=\count313
\c@finalcolumnbadness=\count314
\last@try=\dimen183
\multicolovershoot=\dimen184
\multicolundershoot=\dimen185
\mult@nat@firstbox=\box100
\colbreak@box=\box101
\mc@col@check@num=\count315
\g__mc_curr_col_int=\count316
)
(C:\Program Files\MiKTeX\tex/latex/footmisc\footmisc.sty
Package: footmisc 2025/05/09 v7.0b a miscellany of footnote facilities
\FN@temptoken=\toks28
\footnotemargin=\dimen186
Package footmisc Info: Declaring symbol style bringhurst on input line 549.
Package footmisc Info: Declaring symbol style chicago on input line 557.
Package footmisc Info: Declaring symbol style wiley on input line 566.
Package footmisc Info: Declaring symbol style lamport-robust on input line 577.

Package footmisc Info: Declaring symbol style lamport* on input line 597.
Package footmisc Info: Declaring symbol style lamport*-robust on input line 618
.
)
(C:\Program Files\MiKTeX\tex/latex/newtx\newtxtext.sty
Package: newtxtext 2024/04/01 v1.744(Michael Sharpe) latex and unicode latex su
pport for TeXGyreTermesX

`newtxtext' v1.744, 2024/04/01 Text macros taking advantage of TeXGyre Termes a
nd its extensions (msharpe)
(C:\Program Files\MiKTeX\tex/latex/xpatch\xpatch.sty
(C:\Program Files\MiKTeX\tex/latex/l3kernel\expl3.sty
Package: expl3 2025-09-02 L3 programming layer (loader) 

(C:\Program Files\MiKTeX\tex/latex/l3backend\l3backend-pdftex.def
File: l3backend-pdftex.def 2025-06-09 L3 backend support: PDF output (pdfTeX)
\l__color_backend_stack_int=\count317
))
Package: xpatch 2020/03/25 v0.3a Extending etoolbox patching commands

(C:\Program Files\MiKTeX\tex/latex/l3packages/xparse\xparse.sty
Package: xparse 2024-08-16 L3 Experimental document command parser
)
(C:\Program Files\MiKTeX\tex/latex/etoolbox\etoolbox.sty
Package: etoolbox 2025/02/11 v2.5l e-TeX tools for LaTeX (JAW)
\etb@tempcnta=\count318
))
(C:\Program Files\MiKTeX\tex/generic/iftex\iftex.sty
Package: iftex 2024/12/12 v1.0g TeX engine tests
)
(C:\Program Files\MiKTeX\tex/latex/xkeyval\xkeyval.sty
Package: xkeyval 2022/06/16 v2.9 package option processing (HA)

(C:\Program Files\MiKTeX\tex/generic/xkeyval\xkeyval.tex
(C:\Program Files\MiKTeX\tex/generic/xkeyval\xkvutils.tex
\XKV@toks=\toks29
\XKV@tempa@toks=\toks30
)
\XKV@depth=\count319
File: xkeyval.tex 2014/12/03 v2.7a key=value parser (HA)
))
(C:\Program Files\MiKTeX\tex/latex/base\textcomp.sty
Package: textcomp 2024/04/24 v2.1b Standard LaTeX package
)
(C:\Program Files\MiKTeX\tex/latex/xstring\xstring.sty
(C:\Program Files\MiKTeX\tex/generic/xstring\xstring.tex
\xs_counta=\count320
\xs_countb=\count321
)
Package: xstring 2023/08/22 v1.86 String manipulations (CT)
)
(C:\Program Files\MiKTeX\tex/latex/base\ifthen.sty
Package: ifthen 2024/03/16 v1.1e Standard LaTeX ifthen package (DPC)
)
(C:\Program Files\MiKTeX\tex/latex/carlisle\scalefnt.sty)
LaTeX Font Info:    Setting ntxLF sub-encoding to TS1/0 on input line 24.
LaTeX Font Info:    Setting ntxTLF sub-encoding to TS1/0 on input line 24.
LaTeX Font Info:    Setting ntxOsF sub-encoding to TS1/0 on input line 24.
LaTeX Font Info:    Setting ntxTOsF sub-encoding to TS1/0 on input line 24.

(C:\Program Files\MiKTeX\tex/generic/binhex\binhex.tex)
\ntx@tmpcnta=\count322
\ntx@cnt=\count323

(C:\Program Files\MiKTeX\tex/latex/fontaxes\fontaxes.sty
Package: fontaxes 2026-01-02 v2.0.2 Font selection axes (deprecated)
Applying: [2024-11-01] Use figureversions if present on input line 74.

(C:\Program Files\MiKTeX\tex/latex/figureversions\figureversions.sty
Package: figureversions 2025-04-29 v1.0.1 Figure versions
)
Already applied: [0000-00-00] Fall back to v1 on input line 76.
)
\tx@sixem=\dimen187
\tx@y=\dimen188
\tx@x=\dimen189
\tx@tmpdima=\dimen190
\tx@tmpdimb=\dimen191
\tx@tmpdimc=\dimen192
\tx@tmpdimd=\dimen193
\tx@tmpdime=\dimen194
\tx@tmpdimf=\dimen195
\tx@dimA=\dimen196
\tx@dimAA=\dimen197
\tx@dimB=\dimen198
\tx@dimBB=\dimen199
\tx@dimC=\dimen256
LaTeX Info: Redefining \oldstylenums on input line 902.
)
(C:\Program Files\MiKTeX\tex/latex/newtx\newtxmath.sty
Package: newtxmath 2024/09/22 v1.754

`newtxmath' v1.754, 2024/09/22 Math macros based originally on txfonts (msharpe
) (C:\Program Files\MiKTeX\tex/latex/amsmath\amsmath.sty
Package: amsmath 2025/06/16 v2.17y AMS math features
\@mathmargin=\skip57

For additional information on amsmath, use the `?' option.
(C:\Program Files\MiKTeX\tex/latex/amsmath\amstext.sty
Package: amstext 2024/11/17 v2.01 AMS text

(C:\Program Files\MiKTeX\tex/latex/amsmath\amsgen.sty
File: amsgen.sty 1999/11/30 v2.0 generic functions
\@emptytoks=\toks31
\ex@=\dimen257
))
(C:\Program Files\MiKTeX\tex/latex/amsmath\amsbsy.sty
Package: amsbsy 1999/11/29 v1.2d Bold Symbols
\pmbraise@=\dimen258
)
(C:\Program Files\MiKTeX\tex/latex/amsmath\amsopn.sty
Package: amsopn 2022/04/08 v2.04 operator names
)
\inf@bad=\count324
LaTeX Info: Redefining \frac on input line 233.
\uproot@=\count325
\leftroot@=\count326
LaTeX Info: Redefining \overline on input line 398.
LaTeX Info: Redefining \colon on input line 409.
\classnum@=\count327
\DOTSCASE@=\count328
LaTeX Info: Redefining \ldots on input line 495.
LaTeX Info: Redefining \dots on input line 498.
LaTeX Info: Redefining \cdots on input line 619.
\Mathstrutbox@=\box102
\strutbox@=\box103
LaTeX Info: Redefining \big on input line 721.
LaTeX Info: Redefining \Big on input line 722.
LaTeX Info: Redefining \bigg on input line 723.
LaTeX Info: Redefining \Bigg on input line 724.
\big@size=\dimen259
LaTeX Font Info:    Redeclaring font encoding OML on input line 742.
LaTeX Font Info:    Redeclaring font encoding OMS on input line 743.
\macc@depth=\count329
LaTeX Info: Redefining \bmod on input line 904.
LaTeX Info: Redefining \pmod on input line 909.
LaTeX Info: Redefining \smash on input line 939.
LaTeX Info: Redefining \relbar on input line 969.
LaTeX Info: Redefining \Relbar on input line 970.
\c@MaxMatrixCols=\count330
\dotsspace@=\muskip17
\c@parentequation=\count331
\dspbrk@lvl=\count332
\tag@help=\toks32
\row@=\count333
\column@=\count334
\maxfields@=\count335
\andhelp@=\toks33
\eqnshift@=\dimen260
\alignsep@=\dimen261
\tagshift@=\dimen262
\tagwidth@=\dimen263
\totwidth@=\dimen264
\lineht@=\dimen265
\@envbody=\toks34
\multlinegap=\skip58
\multlinetaggap=\skip59
\mathdisplay@stack=\toks35
LaTeX Info: Redefining \[ on input line 2949.
LaTeX Info: Redefining \] on input line 2950.
)
(C:\Program Files\MiKTeX\tex/latex/oberdiek\centernot.sty
Package: centernot 2016/05/16 v1.4 Centers the not symbol horizontally (HO)
)
\tx@cntz=\count336

(C:\Program Files\MiKTeX\tex/generic/binhex\binhex.tex)
\tx@Isdigit=\count337
\tx@IsAlNum=\count338
\tx@tA=\toks36
\tx@tB=\toks37
\tx@su=\read2

amsthm NOT loaded
LaTeX Font Info:    Redeclaring symbol font `operators' on input line 402.
LaTeX Font Info:    Overwriting symbol font `operators' in version `normal'
(Font)                  OT1/cmr/m/n --> OT1/minntx/m/n on input line 402.
LaTeX Font Info:    Overwriting symbol font `operators' in version `bold'
(Font)                  OT1/cmr/bx/n --> OT1/minntx/m/n on input line 402.
LaTeX Font Info:    Overwriting symbol font `operators' in version `bold'
(Font)                  OT1/minntx/m/n --> OT1/minntx/b/n on input line 403.
LaTeX Font Info:    Redeclaring math alphabet \mathsf on input line 410.
LaTeX Font Info:    Overwriting math alphabet `\mathsf' in version `normal'
(Font)                  OT1/cmss/m/n --> OT1/qhv/m/n on input line 410.
LaTeX Font Info:    Overwriting math alphabet `\mathsf' in version `bold'
(Font)                  OT1/cmss/bx/n --> OT1/qhv/m/n on input line 410.
LaTeX Font Info:    Overwriting math alphabet `\mathsf' in version `bold'
(Font)                  OT1/qhv/m/n --> OT1/qhv/b/n on input line 412.
LaTeX Font Info:    Redeclaring math alphabet \mathit on input line 419.
LaTeX Font Info:    Overwriting math alphabet `\mathit' in version `normal'
(Font)                  OT1/cmr/m/it --> OT1/minntx/m/it on input line 419.
LaTeX Font Info:    Overwriting math alphabet `\mathit' in version `bold'
(Font)                  OT1/cmr/bx/it --> OT1/minntx/m/it on input line 419.
LaTeX Font Info:    Redeclaring math alphabet \mathtt on input line 420.
LaTeX Font Info:    Overwriting math alphabet `\mathtt' in version `normal'
(Font)                  OT1/cmtt/m/n --> OT1/ntxtt/m/n on input line 420.
LaTeX Font Info:    Overwriting math alphabet `\mathtt' in version `bold'
(Font)                  OT1/cmtt/m/n --> OT1/ntxtt/m/n on input line 420.
LaTeX Font Info:    Redeclaring math alphabet \mathbf on input line 422.
LaTeX Font Info:    Overwriting math alphabet `\mathbf' in version `normal'
(Font)                  OT1/cmr/bx/n --> OT1/minntx/b/n on input line 422.
LaTeX Font Info:    Overwriting math alphabet `\mathbf' in version `bold'
(Font)                  OT1/cmr/bx/n --> OT1/minntx/b/n on input line 422.
LaTeX Font Info:    Overwriting math alphabet `\mathit' in version `bold'
(Font)                  OT1/minntx/m/it --> OT1/minntx/b/it on input line 423.
LaTeX Font Info:    Overwriting math alphabet `\mathtt' in version `bold'
(Font)                  OT1/ntxtt/m/n --> OT1/ntxtt/b/n on input line 426.
LaTeX Font Info:    Redeclaring symbol font `letters' on input line 534.
LaTeX Font Info:    Overwriting symbol font `letters' in version `normal'
(Font)                  OML/cmm/m/it --> OML/ntxmi/m/it on input line 534.
LaTeX Font Info:    Overwriting symbol font `letters' in version `bold'
(Font)                  OML/cmm/b/it --> OML/ntxmi/m/it on input line 534.
LaTeX Font Info:    Overwriting symbol font `letters' in version `bold'
(Font)                  OML/ntxmi/m/it --> OML/ntxmi/b/it on input line 535.
\symlettersA=\mathgroup4
LaTeX Font Info:    Overwriting symbol font `lettersA' in version `bold'
(Font)                  U/ntxmia/m/it --> U/ntxmia/b/it on input line 582.
Now handling font encoding LMS ...
... no UTF-8 mapping file for font encoding LMS
LaTeX Font Info:    Redeclaring symbol font `symbols' on input line 604.
LaTeX Font Info:    Encoding `OMS' has changed to `LMS' for symbol font
(Font)              `symbols' in the math version `normal' on input line 604.
LaTeX Font Info:    Overwriting symbol font `symbols' in version `normal'
(Font)                  OMS/cmsy/m/n --> LMS/ntxsy/m/n on input line 604.
LaTeX Font Info:    Encoding `OMS' has changed to `LMS' for symbol font
(Font)              `symbols' in the math version `bold' on input line 604.
LaTeX Font Info:    Overwriting symbol font `symbols' in version `bold'
(Font)                  OMS/cmsy/b/n --> LMS/ntxsy/m/n on input line 604.
LaTeX Font Info:    Overwriting symbol font `symbols' in version `bold'
(Font)                  LMS/ntxsy/m/n --> LMS/ntxsy/b/n on input line 605.
\symAMSm=\mathgroup5
LaTeX Font Info:    Overwriting symbol font `AMSm' in version `bold'
(Font)                  U/ntxsym/m/n --> U/ntxsym/b/n on input line 630.
\symsymbolsC=\mathgroup6
LaTeX Font Info:    Overwriting symbol font `symbolsC' in version `bold'
(Font)                  U/ntxsyc/m/n --> U/ntxsyc/b/n on input line 651.
Now handling font encoding LMX ...
... no UTF-8 mapping file for font encoding LMX
LaTeX Font Info:    Redeclaring symbol font `largesymbols' on input line 664.
LaTeX Font Info:    Encoding `OMX' has changed to `LMX' for symbol font
(Font)              `largesymbols' in the math version `normal' on input line 6
64.
LaTeX Font Info:    Overwriting symbol font `largesymbols' in version `normal'
(Font)                  OMX/cmex/m/n --> LMX/ntxexx/m/n on input line 664.
LaTeX Font Info:    Encoding `OMX' has changed to `LMX' for symbol font
(Font)              `largesymbols' in the math version `bold' on input line 664
.
LaTeX Font Info:    Overwriting symbol font `largesymbols' in version `bold'
(Font)                  OMX/cmex/m/n --> LMX/ntxexx/m/n on input line 664.
LaTeX Font Info:    Overwriting symbol font `largesymbols' in version `bold'
(Font)                  LMX/ntxexx/m/n --> LMX/ntxexx/b/n on input line 665.
\symlargesymbolsTXA=\mathgroup7
LaTeX Font Info:    Overwriting symbol font `largesymbolsTXA' in version `bold'

(Font)                  U/ntxexa/m/n --> U/ntxexa/b/n on input line 679.
\tx@sbptoks=\toks38
LaTeX Font Info:    Redeclaring math delimiter \lfloor on input line 902.
LaTeX Font Info:    Redeclaring math delimiter \rfloor on input line 903.
LaTeX Font Info:    Redeclaring math delimiter \lceil on input line 904.
LaTeX Font Info:    Redeclaring math delimiter \rceil on input line 905.
LaTeX Font Info:    Redeclaring math delimiter \lbrace on input line 910.
LaTeX Font Info:    Redeclaring math delimiter \rbrace on input line 911.
LaTeX Font Info:    Redeclaring math delimiter \langle on input line 913.
LaTeX Font Info:    Redeclaring math delimiter \rangle on input line 915.
LaTeX Font Info:    Redeclaring math delimiter \arrowvert on input line 919.
LaTeX Font Info:    Redeclaring math delimiter \vert on input line 920.
LaTeX Font Info:    Redeclaring math symbol \hbar on input line 966.
LaTeX Font Info:    Redeclaring math accent \dot on input line 991.
LaTeX Font Info:    Redeclaring math accent \ddot on input line 992.
LaTeX Font Info:    Redeclaring math accent \vec on input line 2057.
LaTeX Info: Redefining \Bbbk on input line 2847.
LaTeX Info: Redefining \not on input line 2995.
LaTeX Info: Redefining \textsquare on input line 3025.
LaTeX Info: Redefining \openbox on input line 3027.
)
\@indexfile=\write4
\openout4 = `book.idx'.


Writing index file book.idx
LaTeX Font Info:    Trying to load font information for OT1+ntxtlf on input lin
e 49.
(C:\Program Files\MiKTeX\tex/latex/newtx\ot1ntxtlf.fd
File: ot1ntxtlf.fd 2021/05/24 v1.0 font definition file for OT1/ntx/tlf
)
LaTeX Font Info:    Font shape `OT1/ntxtlf/m/n' will be
(Font)              scaled to size 10.0pt on input line 49.
 (book.aux
(dedication.aux) (foreword.aux) (preface.aux) (acknowledgement.aux) (ethics.aux
) (acronym.aux) (part-01.aux) (chapter-01.aux) (chapter-02.aux) (part-02.aux)
(chapter-03.aux) (chapter-04.aux) (part-03.aux) (chapter-05.aux)
(chapter-06.aux) (part-03.aux) (chapter-07.aux) (references.aux))
\openout1 = `book.aux'.

LaTeX Font Info:    Checking defaults for OML/ntxmi/m/it on input line 49.
LaTeX Font Info:    Trying to load font information for OML+ntxmi on input line
 49.

(C:\Program Files\MiKTeX\tex/latex/newtx\omlntxmi.fd
File: omlntxmi.fd 2015/08/25 Fontinst v1.933 font definitions for OML/ntxmi.
)
LaTeX Font Info:    ... okay on input line 49.
LaTeX Font Info:    Checking defaults for OMS/cmsy/m/n on input line 49.
LaTeX Font Info:    ... okay on input line 49.
LaTeX Font Info:    Checking defaults for OT1/cmr/m/n on input line 49.
LaTeX Font Info:    ... okay on input line 49.
LaTeX Font Info:    Checking defaults for T1/cmr/m/n on input line 49.
LaTeX Font Info:    ... okay on input line 49.
LaTeX Font Info:    Checking defaults for TS1/cmr/m/n on input line 49.
LaTeX Font Info:    ... okay on input line 49.
LaTeX Font Info:    Checking defaults for OMX/cmex/m/n on input line 49.
LaTeX Font Info:    ... okay on input line 49.
LaTeX Font Info:    Checking defaults for U/ntxexa/m/n on input line 49.
LaTeX Font Info:    Trying to load font information for U+ntxexa on input line 
49.

(C:\Program Files\MiKTeX\tex/latex/newtx\untxexa.fd
File: untxexa.fd 2012/04/16 Fontinst v1.933 font definitions for U/ntxexa.
)
LaTeX Font Info:    ... okay on input line 49.
LaTeX Font Info:    Checking defaults for LMS/ntxsy/m/n on input line 49.
LaTeX Font Info:    Trying to load font information for LMS+ntxsy on input line
 49.

(C:\Program Files\MiKTeX\tex/latex/newtx\lmsntxsy.fd
File: lmsntxsy.fd 2016/07/02 Fontinst v1.933 font definitions for LMS/ntxsy.
)
LaTeX Font Info:    ... okay on input line 49.
LaTeX Font Info:    Checking defaults for LMX/ntxexx/m/n on input line 49.
LaTeX Font Info:    Trying to load font information for LMX+ntxexx on input lin
e 49.

(C:\Program Files\MiKTeX\tex/latex/newtx\lmxntxexx.fd
File: lmxntxexx.fd 2016/07/03 Fontinst v1.933 font definitions for LMX/ntxexx.
)
LaTeX Font Info:    ... okay on input line 49.

(C:\Program Files\MiKTeX\tex/context/base/mkii\supp-pdf.mkii
[Loading MPS to PDF converter (version 2006.09.02).]
\scratchcounter=\count339
\scratchdimen=\dimen266
\scratchbox=\box104
\nofMPsegments=\count340
\nofMParguments=\count341
\everyMPshowfont=\toks39
\MPscratchCnt=\count342
\MPscratchDim=\dimen267
\MPnumerator=\count343
\makeMPintoPDFobject=\count344
\everyMPtoPDFconversion=\toks40
) (C:\Program Files\MiKTeX\tex/latex/epstopdf-pkg\epstopdf-base.sty
Package: epstopdf-base 2020-01-24 v2.11 Base part for package epstopdf

(C:\Program Files\MiKTeX\tex/generic/infwarerr\infwarerr.sty
Package: infwarerr 2019/12/03 v1.5 Providing info/warning/error messages (HO)
)
(C:\Program Files\MiKTeX\tex/latex/grfext\grfext.sty
Package: grfext 2019/12/03 v1.3 Manage graphics extensions (HO)

(C:\Program Files\MiKTeX\tex/generic/kvdefinekeys\kvdefinekeys.sty
Package: kvdefinekeys 2019-12-19 v1.6 Define keys (HO)
))
(C:\Program Files\MiKTeX\tex/latex/kvoptions\kvoptions.sty
Package: kvoptions 2022-06-15 v3.15 Key value format for package options (HO)

(C:\Program Files\MiKTeX\tex/generic/ltxcmds\ltxcmds.sty
Package: ltxcmds 2023-12-04 v1.26 LaTeX kernel commands for general use (HO)
)
(C:\Program Files\MiKTeX\tex/latex/kvsetkeys\kvsetkeys.sty
Package: kvsetkeys 2022-10-05 v1.19 Key value parser (HO)
))
(C:\Program Files\MiKTeX\tex/generic/pdftexcmds\pdftexcmds.sty
Package: pdftexcmds 2020-06-27 v0.33 Utility functions of pdfTeX for LuaTeX (HO
)
Package pdftexcmds Info: \pdf@primitive is available.
Package pdftexcmds Info: \pdf@ifprimitive is available.
Package pdftexcmds Info: \pdfdraftmode found.
)
Package epstopdf-base Info: Redefining graphics rule for `.eps' on input line 4
85.
Package grfext Info: Graphics extension search list:
(grfext)             [.pdf,.png,.jpg,.mps,.jpeg,.jbig2,.jb2,.PDF,.PNG,.JPG,.JPE
G,.JBIG2,.JB2,.eps]
(grfext)             \AppendGraphicsExtensions on input line 504.

(C:\Program Files\MiKTeX\tex/latex/00miktex\epstopdf-sys.cfg
File: epstopdf-sys.cfg 2021/03/18 v2.0 Configuration of epstopdf for MiKTeX
))
\c@mv@tabular=\count345
\c@mv@boldtabular=\count346
LaTeX Info: Command `\dddot' is already robust on input line 49.
LaTeX Info: Command `\ddddot' is already robust on input line 49.
LaTeX Font Info:    Font shape `OT1/ntxtlf/m/n' will be
(Font)              scaled to size 18.0pt on input line 54.
LaTeX Font Info:    Font shape `OT1/ntxtlf/m/n' will be
(Font)              scaled to size 24.88pt on input line 54.
LaTeX Font Info:    Font shape `OT1/ntxtlf/m/n' will be
(Font)              scaled to size 12.0pt on input line 54.
LaTeX Font Info:    Font shape `OT1/ntxtlf/m/n' will be
(Font)              scaled to size 14.0pt on input line 54.


[1

{C:/Users/danil/AppData/Local/MiKTeX/fonts/map/pdftex/pdftex.map}{C:/Program Fi
les/MiKTeX/fonts/enc/dvips/newtx/ntx-ot1-tlf.enc}]

[2


]
\openout2 = `dedication.aux'.

 (dedication.tex
LaTeX Font Info:    Font shape `OT1/ntxtlf/m/it' will be
(Font)              scaled to size 12.0pt on input line 10.


[5



])
\openout2 = `foreword.aux'.

 (foreword.tex

[6






]
LaTeX Font Info:    Font shape `OT1/ntxtlf/m/n' will be
(Font)              scaled to size 16.0pt on input line 10.
LaTeX Font Info:    Font shape `OT1/ntxtlf/b/n' will be
(Font)              scaled to size 16.0pt on input line 10.
LaTeX Font Info:    Trying to load font information for OT1+minntx on input lin
e 10.
 (C:\Program Files\MiKTeX\tex/latex/newtx\ot1minntx.fd
File: ot1minntx.fd 2023/09/09 v1.1 font definition file for OT1/minntx
)
LaTeX Font Info:    Font shape `OT1/minntx/m/n' will be
(Font)              scaled to size 10.0pt on input line 10.
LaTeX Font Info:    Font shape `OT1/minntx/m/n' will be
(Font)              scaled to size 7.3pt on input line 10.
LaTeX Font Info:    Font shape `OT1/minntx/m/n' will be
(Font)              scaled to size 5.5pt on input line 10.
LaTeX Font Info:    Font shape `OML/ntxmi/m/it' will be
(Font)              scaled to size 10.0pt on input line 10.
LaTeX Font Info:    Font shape `OML/ntxmi/m/it' will be
(Font)              scaled to size 7.3pt on input line 10.
LaTeX Font Info:    Font shape `OML/ntxmi/m/it' will be
(Font)              scaled to size 5.5pt on input line 10.
LaTeX Font Info:    Font shape `LMS/ntxsy/m/n' will be
(Font)              scaled to size 10.0pt on input line 10.
LaTeX Font Info:    Font shape `LMS/ntxsy/m/n' will be
(Font)              scaled to size 7.3pt on input line 10.
LaTeX Font Info:    Font shape `LMS/ntxsy/m/n' will be
(Font)              scaled to size 5.5pt on input line 10.
LaTeX Font Info:    Font shape `LMX/ntxexx/m/n' will be
(Font)              scaled to size 10.0pt on input line 10.
LaTeX Font Info:    Font shape `LMX/ntxexx/m/n' will be
(Font)              scaled to size 7.3pt on input line 10.
LaTeX Font Info:    Font shape `LMX/ntxexx/m/n' will be
(Font)              scaled to size 5.5pt on input line 10.
LaTeX Font Info:    Trying to load font information for U+ntxmia on input line 
10.

(C:\Program Files\MiKTeX\tex/latex/newtx\untxmia.fd
File: untxmia.fd 2024/04/09 Fontinst v1.933 font definitions for U/ntxmia.
)
LaTeX Font Info:    Font shape `U/ntxmia/m/it' will be
(Font)              scaled to size 10.0pt on input line 10.
LaTeX Font Info:    Font shape `U/ntxmia/m/it' will be
(Font)              scaled to size 7.3pt on input line 10.
LaTeX Font Info:    Font shape `U/ntxmia/m/it' will be
(Font)              scaled to size 5.5pt on input line 10.
LaTeX Font Info:    Trying to load font information for U+ntxsym on input line 
10.

(C:\Program Files\MiKTeX\tex/latex/newtx\untxsym.fd
File: untxsym.fd 2023/08/16 Fontinst v1.933 font definitions for U/ntxsym.
)
LaTeX Font Info:    Font shape `U/ntxsym/m/n' will be
(Font)              scaled to size 10.0pt on input line 10.
LaTeX Font Info:    Font shape `U/ntxsym/m/n' will be
(Font)              scaled to size 7.3pt on input line 10.
LaTeX Font Info:    Font shape `U/ntxsym/m/n' will be
(Font)              scaled to size 5.5pt on input line 10.
LaTeX Font Info:    Trying to load font information for U+ntxsyc on input line 
10.

(C:\Program Files\MiKTeX\tex/latex/newtx\untxsyc.fd
File: untxsyc.fd 2012/04/12 Fontinst v1.933 font definitions for U/ntxsyc.
)
LaTeX Font Info:    Font shape `U/ntxsyc/m/n' will be
(Font)              scaled to size 10.0pt on input line 10.
LaTeX Font Info:    Font shape `U/ntxsyc/m/n' will be
(Font)              scaled to size 7.3pt on input line 10.
LaTeX Font Info:    Font shape `U/ntxsyc/m/n' will be
(Font)              scaled to size 5.5pt on input line 10.
LaTeX Font Info:    Font shape `U/ntxexa/m/n' will be
(Font)              scaled to size 10.0pt on input line 10.
LaTeX Font Info:    Font shape `U/ntxexa/m/n' will be
(Font)              scaled to size 7.3pt on input line 10.
LaTeX Font Info:    Font shape `U/ntxexa/m/n' will be
(Font)              scaled to size 5.5pt on input line 10.
LaTeX Font Info:    Font shape `OT1/ntxtlf/m/it' will be
(Font)              scaled to size 10.0pt on input line 15.

Overfull \hbox (3.95215pt too wide) in paragraph at lines 15--16
\OT1/minntx/m/n/10 Use the tem-plate \OT1/ntxtlf/m/it/10 fore-word.tex \OT1/min
ntx/m/n/10 to-gether with the doc-u-ment class SV-Mono (monograph-
 []

)

LaTeX Font Info:    Font shape `OT1/ntxtlf/m/n' will be
(Font)              scaled to size 8.5pt on input line 59.
[7]
\openout2 = `preface.aux'.

 (preface.tex

[8





])

[9]
\openout2 = `acknowledgement.aux'.

 (acknowledgement.tex

[10





])

[11]
\openout2 = `ethics.aux'.

 (ethics.tex

[12





]
LaTeX Font Info:    Font shape `OT1/ntxtlf/b/n' will be
(Font)              scaled to size 10.0pt on input line 16.
)

[13]

[14




] (book.toc

[15])
\tf@toc=\write5
\openout5 = `book.toc'.



[16]
\openout2 = `acronym.aux'.

 (acronym.tex
Overfull \hbox (3.22217pt too wide) in paragraph at lines 10--11
\OT1/minntx/m/n/10 Use the tem-plate \OT1/ntxtlf/m/it/10 acronym.tex \OT1/minnt
x/m/n/10 to-gether with the doc-u-ment class SV-Mono (monograph-
 []

LaTeX Font Info:    Trying to load font information for OT1+ntxtt on input line
 12.
(C:\Program Files\MiKTeX\tex/latex/newtx\ot1ntxtt.fd
File: ot1ntxtt.fd 2012/04/20 v3.1
)
LaTeX Font Info:    Font shape `OT1/ntxtt/m/n' will be
(Font)              scaled to size 10.0pt on input line 12.
)

[17



]

[18




]
\openout2 = `part-01.aux'.

 (part-01.tex
LaTeX Font Info:    Font shape `OT1/ntxtlf/b/n' will be
(Font)              scaled to size 18.0pt on input line 10.


[1



]

[2])
\openout2 = `chapter-01.aux'.

 (chapter-01.tex
Capítulo 1.
LaTeX Font Info:    Font shape `OT1/ntxtlf/b/n' will be
(Font)              scaled to size 14.0pt on input line 7.
LaTeX Font Info:    Font shape `OT1/ntxtlf/b/n' will be
(Font)              scaled to size 12.0pt on input line 15.


[3





]
LaTeX Font Info:    Font shape `OT1/ntxtlf/b/n' will be
(Font)              scaled to size 8.5pt on input line 41.
LaTeX Font Info:    Calculating math sizes for size <8.5> on input line 41.
LaTeX Font Info:    Font shape `OT1/minntx/m/n' will be
(Font)              scaled to size 8.5pt on input line 41.
LaTeX Font Info:    Font shape `OT1/minntx/m/n' will be
(Font)              scaled to size 6.20496pt on input line 41.
LaTeX Font Info:    Font shape `OT1/minntx/m/n' will be
(Font)              scaled to size 4.67502pt on input line 41.
LaTeX Font Info:    Font shape `OML/ntxmi/m/it' will be
(Font)              scaled to size 8.5pt on input line 41.
LaTeX Font Info:    Font shape `OML/ntxmi/m/it' will be
(Font)              scaled to size 6.20496pt on input line 41.
LaTeX Font Info:    Font shape `OML/ntxmi/m/it' will be
(Font)              scaled to size 4.67502pt on input line 41.
LaTeX Font Info:    Font shape `LMS/ntxsy/m/n' will be
(Font)              scaled to size 8.5pt on input line 41.
LaTeX Font Info:    Font shape `LMS/ntxsy/m/n' will be
(Font)              scaled to size 6.20496pt on input line 41.
LaTeX Font Info:    Font shape `LMS/ntxsy/m/n' will be
(Font)              scaled to size 4.67502pt on input line 41.
LaTeX Font Info:    Font shape `LMX/ntxexx/m/n' will be
(Font)              scaled to size 8.5pt on input line 41.
LaTeX Font Info:    Font shape `LMX/ntxexx/m/n' will be
(Font)              scaled to size 6.20496pt on input line 41.
LaTeX Font Info:    Font shape `LMX/ntxexx/m/n' will be
(Font)              scaled to size 4.67502pt on input line 41.
LaTeX Font Info:    Font shape `U/ntxmia/m/it' will be
(Font)              scaled to size 8.5pt on input line 41.
LaTeX Font Info:    Font shape `U/ntxmia/m/it' will be
(Font)              scaled to size 6.20496pt on input line 41.
LaTeX Font Info:    Font shape `U/ntxmia/m/it' will be
(Font)              scaled to size 4.67502pt on input line 41.
LaTeX Font Info:    Font shape `U/ntxsym/m/n' will be
(Font)              scaled to size 8.5pt on input line 41.
LaTeX Font Info:    Font shape `U/ntxsym/m/n' will be
(Font)              scaled to size 6.20496pt on input line 41.
LaTeX Font Info:    Font shape `U/ntxsym/m/n' will be
(Font)              scaled to size 4.67502pt on input line 41.
LaTeX Font Info:    Font shape `U/ntxsyc/m/n' will be
(Font)              scaled to size 8.5pt on input line 41.
LaTeX Font Info:    Font shape `U/ntxsyc/m/n' will be
(Font)              scaled to size 6.20496pt on input line 41.
LaTeX Font Info:    Font shape `U/ntxsyc/m/n' will be
(Font)              scaled to size 4.67502pt on input line 41.
LaTeX Font Info:    Font shape `U/ntxexa/m/n' will be
(Font)              scaled to size 8.5pt on input line 41.
LaTeX Font Info:    Font shape `U/ntxexa/m/n' will be
(Font)              scaled to size 6.20496pt on input line 41.
LaTeX Font Info:    Font shape `U/ntxexa/m/n' will be
(Font)              scaled to size 4.67502pt on input line 41.
LaTeX Font Info:    Font shape `OT1/ntxtlf/m/n' will be
(Font)              scaled to size 11.0pt on input line 50.
LaTeX Font Info:    Font shape `OT1/ntxtlf/b/n' will be
(Font)              scaled to size 11.0pt on input line 50.


[4]
LaTeX Font Info:    Trying to load font information for TS1+ntxtlf on input lin
e 62.
 (C:\Program Files\MiKTeX\tex/latex/newtx\ts1ntxtlf.fd
File: ts1ntxtlf.fd 2015/01/18 v1.0 fd file for TS1/ntxtlf
)
LaTeX Font Info:    Font shape `TS1/ntxtlf/m/n' will be
(Font)              scaled to size 10.0pt on input line 62.

Overfull \hbox (14.6123pt too wide) in paragraph at lines 62--63
[]\OT1/ntxtlf/b/n/10 Caracterizaci[]on del es-pa-cio de es-ta-dos: \OT1/minntx/
m/n/10 De-mostrar al-ge-braica-mente las propiedades
 []

)

[5{C:/Program Files/MiKTeX/fonts/enc/dvips/tex-gyre/q-ts1.enc}]
\openout2 = `chapter-02.aux'.

 (chapter-02.tex

[6





]
Capítulo 2.
LaTeX Font Info:    Font shape `OT1/minntx/b/n' will be
(Font)              scaled to size 10.0pt on input line 23.
LaTeX Font Info:    Font shape `OT1/minntx/b/n' will be
(Font)              scaled to size 7.3pt on input line 23.
LaTeX Font Info:    Font shape `OT1/minntx/b/n' will be
(Font)              scaled to size 5.5pt on input line 23.
LaTeX Font Info:    Font shape `OML/ntxmi/b/it' will be
(Font)              scaled to size 10.0pt on input line 23.
LaTeX Font Info:    Font shape `OML/ntxmi/b/it' will be
(Font)              scaled to size 7.3pt on input line 23.
LaTeX Font Info:    Font shape `OML/ntxmi/b/it' will be
(Font)              scaled to size 5.5pt on input line 23.
LaTeX Font Info:    Font shape `LMS/ntxsy/b/n' will be
(Font)              scaled to size 10.0pt on input line 23.
LaTeX Font Info:    Font shape `LMS/ntxsy/b/n' will be
(Font)              scaled to size 7.3pt on input line 23.
LaTeX Font Info:    Font shape `LMS/ntxsy/b/n' will be
(Font)              scaled to size 5.5pt on input line 23.
LaTeX Font Info:    Font shape `LMX/ntxexx/b/n' will be
(Font)              scaled to size 10.0pt on input line 23.
LaTeX Font Info:    Font shape `LMX/ntxexx/b/n' will be
(Font)              scaled to size 7.3pt on input line 23.
LaTeX Font Info:    Font shape `LMX/ntxexx/b/n' will be
(Font)              scaled to size 5.5pt on input line 23.
LaTeX Font Info:    Font shape `U/ntxmia/b/it' will be
(Font)              scaled to size 10.0pt on input line 23.
LaTeX Font Info:    Font shape `U/ntxmia/b/it' will be
(Font)              scaled to size 7.3pt on input line 23.
LaTeX Font Info:    Font shape `U/ntxmia/b/it' will be
(Font)              scaled to size 5.5pt on input line 23.
LaTeX Font Info:    Font shape `U/ntxsym/b/n' will be
(Font)              scaled to size 10.0pt on input line 23.
LaTeX Font Info:    Font shape `U/ntxsym/b/n' will be
(Font)              scaled to size 7.3pt on input line 23.
LaTeX Font Info:    Font shape `U/ntxsym/b/n' will be
(Font)              scaled to size 5.5pt on input line 23.
LaTeX Font Info:    Font shape `U/ntxsyc/b/n' will be
(Font)              scaled to size 10.0pt on input line 23.
LaTeX Font Info:    Font shape `U/ntxsyc/b/n' will be
(Font)              scaled to size 7.3pt on input line 23.
LaTeX Font Info:    Font shape `U/ntxsyc/b/n' will be
(Font)              scaled to size 5.5pt on input line 23.
LaTeX Font Info:    Font shape `U/ntxexa/b/n' will be
(Font)              scaled to size 10.0pt on input line 23.
LaTeX Font Info:    Font shape `U/ntxexa/b/n' will be
(Font)              scaled to size 7.3pt on input line 23.
LaTeX Font Info:    Font shape `U/ntxexa/b/n' will be
(Font)              scaled to size 5.5pt on input line 23.
LaTeX Font Info:    Font shape `OT1/ntxtlf/m/n' will be
(Font)              scaled to size 7.3pt on input line 25.
LaTeX Font Info:    Font shape `OT1/ntxtlf/m/n' will be
(Font)              scaled to size 5.5pt on input line 25.


[7]

[8]

[9]
LaTeX Font Info:    Font shape `OT1/minntx/b/n' will be
(Font)              scaled to size 8.5pt on input line 84.
LaTeX Font Info:    Font shape `OT1/minntx/b/n' will be
(Font)              scaled to size 6.20496pt on input line 84.
LaTeX Font Info:    Font shape `OT1/minntx/b/n' will be
(Font)              scaled to size 4.67502pt on input line 84.
LaTeX Font Info:    Font shape `OML/ntxmi/b/it' will be
(Font)              scaled to size 8.5pt on input line 84.
LaTeX Font Info:    Font shape `OML/ntxmi/b/it' will be
(Font)              scaled to size 6.20496pt on input line 84.
LaTeX Font Info:    Font shape `OML/ntxmi/b/it' will be
(Font)              scaled to size 4.67502pt on input line 84.
LaTeX Font Info:    Font shape `LMS/ntxsy/b/n' will be
(Font)              scaled to size 8.5pt on input line 84.
LaTeX Font Info:    Font shape `LMS/ntxsy/b/n' will be
(Font)              scaled to size 6.20496pt on input line 84.
LaTeX Font Info:    Font shape `LMS/ntxsy/b/n' will be
(Font)              scaled to size 4.67502pt on input line 84.
LaTeX Font Info:    Font shape `LMX/ntxexx/b/n' will be
(Font)              scaled to size 8.5pt on input line 84.
LaTeX Font Info:    Font shape `LMX/ntxexx/b/n' will be
(Font)              scaled to size 6.20496pt on input line 84.
LaTeX Font Info:    Font shape `LMX/ntxexx/b/n' will be
(Font)              scaled to size 4.67502pt on input line 84.
LaTeX Font Info:    Font shape `U/ntxmia/b/it' will be
(Font)              scaled to size 8.5pt on input line 84.
LaTeX Font Info:    Font shape `U/ntxmia/b/it' will be
(Font)              scaled to size 6.20496pt on input line 84.
LaTeX Font Info:    Font shape `U/ntxmia/b/it' will be
(Font)              scaled to size 4.67502pt on input line 84.
LaTeX Font Info:    Font shape `U/ntxsym/b/n' will be
(Font)              scaled to size 8.5pt on input line 84.
LaTeX Font Info:    Font shape `U/ntxsym/b/n' will be
(Font)              scaled to size 6.20496pt on input line 84.
LaTeX Font Info:    Font shape `U/ntxsym/b/n' will be
(Font)              scaled to size 4.67502pt on input line 84.
LaTeX Font Info:    Font shape `U/ntxsyc/b/n' will be
(Font)              scaled to size 8.5pt on input line 84.
LaTeX Font Info:    Font shape `U/ntxsyc/b/n' will be
(Font)              scaled to size 6.20496pt on input line 84.
LaTeX Font Info:    Font shape `U/ntxsyc/b/n' will be
(Font)              scaled to size 4.67502pt on input line 84.
LaTeX Font Info:    Font shape `U/ntxexa/b/n' will be
(Font)              scaled to size 8.5pt on input line 84.
LaTeX Font Info:    Font shape `U/ntxexa/b/n' will be
(Font)              scaled to size 6.20496pt on input line 84.
LaTeX Font Info:    Font shape `U/ntxexa/b/n' will be
(Font)              scaled to size 4.67502pt on input line 84.


[10]

[11]

[12]

[13]

[14]

[15])

[16]
\openout2 = `part-02.aux'.

 (part-02.tex

[17





]

[18])
\openout2 = `chapter-03.aux'.

 (chapter-03.tex
Capítulo 3.
)

[19





]
\openout2 = `chapter-04.aux'.

 (chapter-04.tex

[20





]
Capítulo 4.
)

[21]
\openout2 = `part-03.aux'.

 (part-03.tex

[22





]

[23]

[24])
\openout2 = `chapter-05.aux'.

 (chapter-05.tex
Capítulo 5.
)

[25





]
\openout2 = `chapter-06.aux'.

 (chapter-06.tex

[26





]
Capítulo 6.
)

[27]
\openout2 = `part-03.aux'.

 (part-03.tex

[28





]

[29]

[30])
\openout2 = `chapter-07.aux'.

 (chapter-07.tex
Capítulo 7.
)

[31





]

[32




]
\openout2 = `references.aux'.

 (references.tex
LaTeX Font Info:    Font shape `OT1/ntxtlf/m/it' will be
(Font)              scaled to size 8.5pt on input line 19.
)

[33



] (book.aux (dedication.aux) (foreword.aux) (preface.aux)
(acknowledgement.aux) (ethics.aux) (acronym.aux) (part-01.aux) (chapter-01.aux)
(chapter-02.aux) (part-02.aux) (chapter-03.aux) (chapter-04.aux) (part-03.aux)
(chapter-05.aux) (chapter-06.aux) (part-03.aux) (chapter-07.aux)
(references.aux))
 ***********
LaTeX2e <2025-06-01> patch level 1
L3 programming layer <2020/03/25>
 ***********
 ) 
Here is how much of TeX's memory you used:
 9336 strings out of 468130
 142225 string characters out of 5440700
 561263 words of memory out of 5000000
 37611 multiletter control sequences out of 15000+600000
 710245 words of font info for 206 fonts, out of 8000000 for 9000
 1141 hyphenation exceptions out of 8191
 74i,8n,85p,1014b,293s stack positions out of 10000i,1000n,20000p,200000b,200000s
<C:/Program Files/MiKTeX/fonts/type1/public/newtx/NewTXMI.pfb><C:/Program Fil
es/MiKTeX/fonts/type1/public/newtx/NewTXMI5.pfb><C:/Program Files/MiKTeX/fonts/
type1/public/newtx/NewTXMI7.pfb><C:/Program Files/MiKTeX/fonts/type1/public/tex
-gyre/qtmr.pfb><C:/Program Files/MiKTeX/fonts/type1/public/newtx/txmiaX.pfb><C:
/Program Files/MiKTeX/fonts/type1/public/newtx/txsym.pfb><C:/Program Files/MiKT
eX/fonts/type1/public/newtx/txsys.pfb><C:/Program Files/MiKTeX/fonts/type1/publ
ic/txfonts/txtt.pfb><C:/Program Files/MiKTeX/fonts/type1/public/newtx/ztmb.pfb>
<C:/Program Files/MiKTeX/fonts/type1/public/newtx/ztmr.pfb><C:/Program Files/Mi
KTeX/fonts/type1/public/newtx/ztmri.pfb>
Output written on book.pdf (49 pages, 253235 bytes).
PDF statistics:
 218 PDF objects out of 1000 (max. 8388607)
 0 named destinations out of 1000 (max. 500000)
 1 words of extra memory for PDF output out of 10000 (max. 10000000)

